Determining if the pthread_create exist failed with the following output:
Change Dir: /home/xiongzh/demo_ros/demo2_1/build/CMakeFiles/CMakeTmp

Run Build Command:"/usr/bin/make" "cmTC_1610f/fast"
/usr/bin/make -f CMakeFiles/cmTC_1610f.dir/build.make CMakeFiles/cmTC_1610f.dir/build
make[1]: 进入目录“/home/xiongzh/demo_ros/demo2_1/build/CMakeFiles/CMakeTmp”
Building C object CMakeFiles/cmTC_1610f.dir/CheckSymbolExists.c.o
/usr/bin/cc    -o CMakeFiles/cmTC_1610f.dir/CheckSymbolExists.c.o   -c /home/xiongzh/demo_ros/demo2_1/build/CMakeFiles/CMakeTmp/CheckSymbolExists.c
Linking C executable cmTC_1610f
/usr/bin/cmake -E cmake_link_script CMakeFiles/cmTC_1610f.dir/link.txt --verbose=1
/usr/bin/cc      -rdynamic CMakeFiles/cmTC_1610f.dir/CheckSymbolExists.c.o  -o cmTC_1610f 
CMakeFiles/cmTC_1610f.dir/CheckSymbolExists.c.o：在函数‘main’中：
CheckSymbolExists.c:(.text+0x1b)：对‘pthread_create’未定义的引用
collect2: error: ld returned 1 exit status
CMakeFiles/cmTC_1610f.dir/build.make:97: recipe for target 'cmTC_1610f' failed
make[1]: *** [cmTC_1610f] Error 1
make[1]: 离开目录“/home/xiongzh/demo_ros/demo2_1/build/CMakeFiles/CMakeTmp”
Makefile:126: recipe for target 'cmTC_1610f/fast' failed
make: *** [cmTC_1610f/fast] Error 2

File /home/xiongzh/demo_ros/demo2_1/build/CMakeFiles/CMakeTmp/CheckSymbolExists.c:
/* */
#include <pthread.h>

int main(int argc, char** argv)
{
  (void)argv;
#ifndef pthread_create
  return ((int*)(&pthread_create))[argc];
#else
  (void)argc;
  return 0;
#endif
}

Determining if the function pthread_create exists in the pthreads failed with the following output:
Change Dir: /home/xiongzh/demo_ros/demo2_1/build/CMakeFiles/CMakeTmp

Run Build Command:"/usr/bin/make" "cmTC_40b6e/fast"
/usr/bin/make -f CMakeFiles/cmTC_40b6e.dir/build.make CMakeFiles/cmTC_40b6e.dir/build
make[1]: 进入目录“/home/xiongzh/demo_ros/demo2_1/build/CMakeFiles/CMakeTmp”
Building C object CMakeFiles/cmTC_40b6e.dir/CheckFunctionExists.c.o
/usr/bin/cc   -DCHECK_FUNCTION_EXISTS=pthread_create   -o CMakeFiles/cmTC_40b6e.dir/CheckFunctionExists.c.o   -c /usr/share/cmake-3.10/Modules/CheckFunctionExists.c
Linking C executable cmTC_40b6e
/usr/bin/cmake -E cmake_link_script CMakeFiles/cmTC_40b6e.dir/link.txt --verbose=1
/usr/bin/cc  -DCHECK_FUNCTION_EXISTS=pthread_create    -rdynamic CMakeFiles/cmTC_40b6e.dir/CheckFunctionExists.c.o  -o cmTC_40b6e -lpthreads 
/usr/bin/ld: 找不到 -lpthreads
collect2: error: ld returned 1 exit status
CMakeFiles/cmTC_40b6e.dir/build.make:97: recipe for target 'cmTC_40b6e' failed
make[1]: *** [cmTC_40b6e] Error 1
make[1]: 离开目录“/home/xiongzh/demo_ros/demo2_1/build/CMakeFiles/CMakeTmp”
Makefile:126: recipe for target 'cmTC_40b6e/fast' failed
make: *** [cmTC_40b6e/fast] Error 2


