Determining if the pthread_create exist failed with the following output:
Change Dir: /home/xiongzh/demo_ros/c5_1_statictf/build/CMakeFiles/CMakeTmp

Run Build Command:"/usr/bin/make" "cmTC_a67d6/fast"
/usr/bin/make -f CMakeFiles/cmTC_a67d6.dir/build.make CMakeFiles/cmTC_a67d6.dir/build
make[1]: 进入目录“/home/xiongzh/demo_ros/c5_1_statictf/build/CMakeFiles/CMakeTmp”
Building C object CMakeFiles/cmTC_a67d6.dir/CheckSymbolExists.c.o
/usr/bin/cc    -o CMakeFiles/cmTC_a67d6.dir/CheckSymbolExists.c.o   -c /home/xiongzh/demo_ros/c5_1_statictf/build/CMakeFiles/CMakeTmp/CheckSymbolExists.c
Linking C executable cmTC_a67d6
/usr/bin/cmake -E cmake_link_script CMakeFiles/cmTC_a67d6.dir/link.txt --verbose=1
/usr/bin/cc      -rdynamic CMakeFiles/cmTC_a67d6.dir/CheckSymbolExists.c.o  -o cmTC_a67d6 
CMakeFiles/cmTC_a67d6.dir/CheckSymbolExists.c.o：在函数‘main’中：
CheckSymbolExists.c:(.text+0x1b)：对‘pthread_create’未定义的引用
collect2: error: ld returned 1 exit status
CMakeFiles/cmTC_a67d6.dir/build.make:97: recipe for target 'cmTC_a67d6' failed
make[1]: *** [cmTC_a67d6] Error 1
make[1]: 离开目录“/home/xiongzh/demo_ros/c5_1_statictf/build/CMakeFiles/CMakeTmp”
Makefile:126: recipe for target 'cmTC_a67d6/fast' failed
make: *** [cmTC_a67d6/fast] Error 2

File /home/xiongzh/demo_ros/c5_1_statictf/build/CMakeFiles/CMakeTmp/CheckSymbolExists.c:
/* */
#include <pthread.h>

int main(int argc, char** argv)
{
  (void)argv;
#ifndef pthread_create
  return ((int*)(&pthread_create))[argc];
#else
  (void)argc;
  return 0;
#endif
}

Determining if the function pthread_create exists in the pthreads failed with the following output:
Change Dir: /home/xiongzh/demo_ros/c5_1_statictf/build/CMakeFiles/CMakeTmp

Run Build Command:"/usr/bin/make" "cmTC_ff5a1/fast"
/usr/bin/make -f CMakeFiles/cmTC_ff5a1.dir/build.make CMakeFiles/cmTC_ff5a1.dir/build
make[1]: 进入目录“/home/xiongzh/demo_ros/c5_1_statictf/build/CMakeFiles/CMakeTmp”
Building C object CMakeFiles/cmTC_ff5a1.dir/CheckFunctionExists.c.o
/usr/bin/cc   -DCHECK_FUNCTION_EXISTS=pthread_create   -o CMakeFiles/cmTC_ff5a1.dir/CheckFunctionExists.c.o   -c /usr/share/cmake-3.10/Modules/CheckFunctionExists.c
Linking C executable cmTC_ff5a1
/usr/bin/cmake -E cmake_link_script CMakeFiles/cmTC_ff5a1.dir/link.txt --verbose=1
/usr/bin/cc  -DCHECK_FUNCTION_EXISTS=pthread_create    -rdynamic CMakeFiles/cmTC_ff5a1.dir/CheckFunctionExists.c.o  -o cmTC_ff5a1 -lpthreads 
/usr/bin/ld: 找不到 -lpthreads
collect2: error: ld returned 1 exit status
CMakeFiles/cmTC_ff5a1.dir/build.make:97: recipe for target 'cmTC_ff5a1' failed
make[1]: *** [cmTC_ff5a1] Error 1
make[1]: 离开目录“/home/xiongzh/demo_ros/c5_1_statictf/build/CMakeFiles/CMakeTmp”
Makefile:126: recipe for target 'cmTC_ff5a1/fast' failed
make: *** [cmTC_ff5a1/fast] Error 2


