Determining if the pthread_create exist failed with the following output:
Change Dir: /home/xiongzh/demo_ros/c5_2_rosbag/build/CMakeFiles/CMakeTmp

Run Build Command:"/usr/bin/make" "cmTC_01edd/fast"
/usr/bin/make -f CMakeFiles/cmTC_01edd.dir/build.make CMakeFiles/cmTC_01edd.dir/build
make[1]: 进入目录“/home/xiongzh/demo_ros/c5_2_rosbag/build/CMakeFiles/CMakeTmp”
Building C object CMakeFiles/cmTC_01edd.dir/CheckSymbolExists.c.o
/usr/bin/cc    -o CMakeFiles/cmTC_01edd.dir/CheckSymbolExists.c.o   -c /home/xiongzh/demo_ros/c5_2_rosbag/build/CMakeFiles/CMakeTmp/CheckSymbolExists.c
Linking C executable cmTC_01edd
/usr/bin/cmake -E cmake_link_script CMakeFiles/cmTC_01edd.dir/link.txt --verbose=1
/usr/bin/cc      -rdynamic CMakeFiles/cmTC_01edd.dir/CheckSymbolExists.c.o  -o cmTC_01edd 
CMakeFiles/cmTC_01edd.dir/CheckSymbolExists.c.o：在函数‘main’中：
CheckSymbolExists.c:(.text+0x1b)：对‘pthread_create’未定义的引用
collect2: error: ld returned 1 exit status
CMakeFiles/cmTC_01edd.dir/build.make:97: recipe for target 'cmTC_01edd' failed
make[1]: *** [cmTC_01edd] Error 1
make[1]: 离开目录“/home/xiongzh/demo_ros/c5_2_rosbag/build/CMakeFiles/CMakeTmp”
Makefile:126: recipe for target 'cmTC_01edd/fast' failed
make: *** [cmTC_01edd/fast] Error 2

File /home/xiongzh/demo_ros/c5_2_rosbag/build/CMakeFiles/CMakeTmp/CheckSymbolExists.c:
/* */
#include <pthread.h>

int main(int argc, char** argv)
{
  (void)argv;
#ifndef pthread_create
  return ((int*)(&pthread_create))[argc];
#else
  (void)argc;
  return 0;
#endif
}

Determining if the function pthread_create exists in the pthreads failed with the following output:
Change Dir: /home/xiongzh/demo_ros/c5_2_rosbag/build/CMakeFiles/CMakeTmp

Run Build Command:"/usr/bin/make" "cmTC_83b6a/fast"
/usr/bin/make -f CMakeFiles/cmTC_83b6a.dir/build.make CMakeFiles/cmTC_83b6a.dir/build
make[1]: 进入目录“/home/xiongzh/demo_ros/c5_2_rosbag/build/CMakeFiles/CMakeTmp”
Building C object CMakeFiles/cmTC_83b6a.dir/CheckFunctionExists.c.o
/usr/bin/cc   -DCHECK_FUNCTION_EXISTS=pthread_create   -o CMakeFiles/cmTC_83b6a.dir/CheckFunctionExists.c.o   -c /usr/share/cmake-3.10/Modules/CheckFunctionExists.c
Linking C executable cmTC_83b6a
/usr/bin/cmake -E cmake_link_script CMakeFiles/cmTC_83b6a.dir/link.txt --verbose=1
/usr/bin/cc  -DCHECK_FUNCTION_EXISTS=pthread_create    -rdynamic CMakeFiles/cmTC_83b6a.dir/CheckFunctionExists.c.o  -o cmTC_83b6a -lpthreads 
/usr/bin/ld: 找不到 -lpthreads
collect2: error: ld returned 1 exit status
CMakeFiles/cmTC_83b6a.dir/build.make:97: recipe for target 'cmTC_83b6a' failed
make[1]: *** [cmTC_83b6a] Error 1
make[1]: 离开目录“/home/xiongzh/demo_ros/c5_2_rosbag/build/CMakeFiles/CMakeTmp”
Makefile:126: recipe for target 'cmTC_83b6a/fast' failed
make: *** [cmTC_83b6a/fast] Error 2


