Determining if the pthread_create exist failed with the following output:
Change Dir: /home/xiongzh/demo_ros/demo3_server/build/CMakeFiles/CMakeTmp

Run Build Command:"/usr/bin/make" "cmTC_10cb6/fast"
/usr/bin/make -f CMakeFiles/cmTC_10cb6.dir/build.make CMakeFiles/cmTC_10cb6.dir/build
make[1]: 进入目录“/home/xiongzh/demo_ros/demo3_server/build/CMakeFiles/CMakeTmp”
Building C object CMakeFiles/cmTC_10cb6.dir/CheckSymbolExists.c.o
/usr/bin/cc    -o CMakeFiles/cmTC_10cb6.dir/CheckSymbolExists.c.o   -c /home/xiongzh/demo_ros/demo3_server/build/CMakeFiles/CMakeTmp/CheckSymbolExists.c
Linking C executable cmTC_10cb6
/usr/bin/cmake -E cmake_link_script CMakeFiles/cmTC_10cb6.dir/link.txt --verbose=1
/usr/bin/cc      -rdynamic CMakeFiles/cmTC_10cb6.dir/CheckSymbolExists.c.o  -o cmTC_10cb6 
CMakeFiles/cmTC_10cb6.dir/CheckSymbolExists.c.o：在函数‘main’中：
CheckSymbolExists.c:(.text+0x1b)：对‘pthread_create’未定义的引用
collect2: error: ld returned 1 exit status
CMakeFiles/cmTC_10cb6.dir/build.make:97: recipe for target 'cmTC_10cb6' failed
make[1]: *** [cmTC_10cb6] Error 1
make[1]: 离开目录“/home/xiongzh/demo_ros/demo3_server/build/CMakeFiles/CMakeTmp”
Makefile:126: recipe for target 'cmTC_10cb6/fast' failed
make: *** [cmTC_10cb6/fast] Error 2

File /home/xiongzh/demo_ros/demo3_server/build/CMakeFiles/CMakeTmp/CheckSymbolExists.c:
/* */
#include <pthread.h>

int main(int argc, char** argv)
{
  (void)argv;
#ifndef pthread_create
  return ((int*)(&pthread_create))[argc];
#else
  (void)argc;
  return 0;
#endif
}

Determining if the function pthread_create exists in the pthreads failed with the following output:
Change Dir: /home/xiongzh/demo_ros/demo3_server/build/CMakeFiles/CMakeTmp

Run Build Command:"/usr/bin/make" "cmTC_860bb/fast"
/usr/bin/make -f CMakeFiles/cmTC_860bb.dir/build.make CMakeFiles/cmTC_860bb.dir/build
make[1]: 进入目录“/home/xiongzh/demo_ros/demo3_server/build/CMakeFiles/CMakeTmp”
Building C object CMakeFiles/cmTC_860bb.dir/CheckFunctionExists.c.o
/usr/bin/cc   -DCHECK_FUNCTION_EXISTS=pthread_create   -o CMakeFiles/cmTC_860bb.dir/CheckFunctionExists.c.o   -c /usr/share/cmake-3.10/Modules/CheckFunctionExists.c
Linking C executable cmTC_860bb
/usr/bin/cmake -E cmake_link_script CMakeFiles/cmTC_860bb.dir/link.txt --verbose=1
/usr/bin/cc  -DCHECK_FUNCTION_EXISTS=pthread_create    -rdynamic CMakeFiles/cmTC_860bb.dir/CheckFunctionExists.c.o  -o cmTC_860bb -lpthreads 
/usr/bin/ld: 找不到 -lpthreads
collect2: error: ld returned 1 exit status
CMakeFiles/cmTC_860bb.dir/build.make:97: recipe for target 'cmTC_860bb' failed
make[1]: *** [cmTC_860bb] Error 1
make[1]: 离开目录“/home/xiongzh/demo_ros/demo3_server/build/CMakeFiles/CMakeTmp”
Makefile:126: recipe for target 'cmTC_860bb/fast' failed
make: *** [cmTC_860bb/fast] Error 2


