Determining if the pthread_create exist failed with the following output:
Change Dir: /home/xiongzh/demo_ros/c6_simulation/catkin_ws/build/CMakeFiles/CMakeTmp

Run Build Command:"/usr/bin/make" "cmTC_d1712/fast"
/usr/bin/make -f CMakeFiles/cmTC_d1712.dir/build.make CMakeFiles/cmTC_d1712.dir/build
make[1]: 进入目录“/home/xiongzh/demo_ros/c6_simulation/catkin_ws/build/CMakeFiles/CMakeTmp”
Building C object CMakeFiles/cmTC_d1712.dir/CheckSymbolExists.c.o
/usr/bin/cc    -o CMakeFiles/cmTC_d1712.dir/CheckSymbolExists.c.o   -c /home/xiongzh/demo_ros/c6_simulation/catkin_ws/build/CMakeFiles/CMakeTmp/CheckSymbolExists.c
Linking C executable cmTC_d1712
/usr/bin/cmake -E cmake_link_script CMakeFiles/cmTC_d1712.dir/link.txt --verbose=1
/usr/bin/cc      -rdynamic CMakeFiles/cmTC_d1712.dir/CheckSymbolExists.c.o  -o cmTC_d1712 
CMakeFiles/cmTC_d1712.dir/CheckSymbolExists.c.o：在函数‘main’中：
CheckSymbolExists.c:(.text+0x1b)：对‘pthread_create’未定义的引用
collect2: error: ld returned 1 exit status
CMakeFiles/cmTC_d1712.dir/build.make:97: recipe for target 'cmTC_d1712' failed
make[1]: *** [cmTC_d1712] Error 1
make[1]: 离开目录“/home/xiongzh/demo_ros/c6_simulation/catkin_ws/build/CMakeFiles/CMakeTmp”
Makefile:126: recipe for target 'cmTC_d1712/fast' failed
make: *** [cmTC_d1712/fast] Error 2

File /home/xiongzh/demo_ros/c6_simulation/catkin_ws/build/CMakeFiles/CMakeTmp/CheckSymbolExists.c:
/* */
#include <pthread.h>

int main(int argc, char** argv)
{
  (void)argv;
#ifndef pthread_create
  return ((int*)(&pthread_create))[argc];
#else
  (void)argc;
  return 0;
#endif
}

Determining if the function pthread_create exists in the pthreads failed with the following output:
Change Dir: /home/xiongzh/demo_ros/c6_simulation/catkin_ws/build/CMakeFiles/CMakeTmp

Run Build Command:"/usr/bin/make" "cmTC_6f166/fast"
/usr/bin/make -f CMakeFiles/cmTC_6f166.dir/build.make CMakeFiles/cmTC_6f166.dir/build
make[1]: 进入目录“/home/xiongzh/demo_ros/c6_simulation/catkin_ws/build/CMakeFiles/CMakeTmp”
Building C object CMakeFiles/cmTC_6f166.dir/CheckFunctionExists.c.o
/usr/bin/cc   -DCHECK_FUNCTION_EXISTS=pthread_create   -o CMakeFiles/cmTC_6f166.dir/CheckFunctionExists.c.o   -c /usr/share/cmake-3.10/Modules/CheckFunctionExists.c
Linking C executable cmTC_6f166
/usr/bin/cmake -E cmake_link_script CMakeFiles/cmTC_6f166.dir/link.txt --verbose=1
/usr/bin/cc  -DCHECK_FUNCTION_EXISTS=pthread_create    -rdynamic CMakeFiles/cmTC_6f166.dir/CheckFunctionExists.c.o  -o cmTC_6f166 -lpthreads 
/usr/bin/ld: 找不到 -lpthreads
collect2: error: ld returned 1 exit status
CMakeFiles/cmTC_6f166.dir/build.make:97: recipe for target 'cmTC_6f166' failed
make[1]: *** [cmTC_6f166] Error 1
make[1]: 离开目录“/home/xiongzh/demo_ros/c6_simulation/catkin_ws/build/CMakeFiles/CMakeTmp”
Makefile:126: recipe for target 'cmTC_6f166/fast' failed
make: *** [cmTC_6f166/fast] Error 2


